2021/04/23 21:23:27 {"caller":["/home/kh/okh8609/gin_blog/main.go: 27 main.init.0"],"level":"info","message":"Khaos: okh8609/gin_blog","time":1619184207232860656}
2021/04/24 00:05:48 {"caller":["/home/kh/okh8609/gin_blog/main.go: 27 main.init.0"],"level":"info","message":"Khaos: okh8609/gin_blog","time":1619193948680891940}
2021/04/24 00:07:29 {"caller":["/home/kh/okh8609/gin_blog/main.go: 27 main.init.0"],"level":"info","message":"Khaos: okh8609/gin_blog","time":1619194049731354091}
2021/04/24 00:08:30 {"caller":["/home/kh/okh8609/gin_blog/main.go: 27 main.init.0"],"level":"info","message":"Khaos: okh8609/gin_blog","time":1619194110433619638}
2021/04/24 00:15:59 {"caller":["/home/kh/okh8609/gin_blog/main.go: 27 main.init.0"],"level":"info","message":"Khaos: okh8609/gin_blog","time":1619194559928242945}
2021/04/24 00:16:37 {"caller":["/home/kh/okh8609/gin_blog/main.go: 27 main.init.0"],"level":"info","message":"Khaos: okh8609/gin_blog","time":1619194597906312243}
2021/04/24 00:17:17 {"caller":["/home/kh/okh8609/gin_blog/main.go: 27 main.init.0"],"level":"info","message":"Khaos: okh8609/gin_blog","time":1619194637911346512}
2021/04/24 00:22:39 {"caller":["/home/kh/okh8609/gin_blog/main.go: 27 main.init.0"],"level":"info","message":"Khaos: okh8609/gin_blog","time":1619194959801604571}
2021/04/24 00:24:01 {"caller":["/home/kh/okh8609/gin_blog/main.go: 27 main.init.0"],"level":"info","message":"Khaos: okh8609/gin_blog","time":1619195041114283424}
2021/04/24 10:03:25 {"caller":["/home/kh/okh8609/gin_blog/main.go: 27 main.init.0"],"level":"info","message":"Khaos: okh8609/gin_blog","time":1619229805046644400}
2021/04/24 11:30:55 {"caller":["/home/kh/okh8609/gin_blog/main.go: 27 main.init.0"],"level":"info","message":"Khaos: okh8609/gin_blog","time":1619235055606597385}
2021/04/24 11:31:08 {"caller":["/home/kh/okh8609/gin_blog/main.go: 27 main.init.0"],"level":"info","message":"Khaos: okh8609/gin_blog","time":1619235068713975461}
2021/04/24 11:45:01 {"caller":["/home/kh/okh8609/gin_blog/main.go: 27 main.init.0"],"level":"info","message":"Khaos: okh8609/gin_blog","time":1619235901209714838}
2021/04/24 11:45:09 {"caller":["/home/kh/okh8609/gin_blog/main.go: 27 main.init.0"],"level":"info","message":"Khaos: okh8609/gin_blog","time":1619235909771228905}
2021/04/24 11:53:21 {"caller":["/home/kh/okh8609/gin_blog/main.go: 27 main.init.0"],"level":"info","message":"Khaos: okh8609/gin_blog","time":1619236401666944287}
2021/04/24 13:28:19 {"caller":["/home/kh/okh8609/gin_blog/main.go: 27 main.init.0"],"level":"info","message":"Khaos: okh8609/gin_blog","time":1619242099846237687}
2021/04/24 15:23:26 {"caller":["/home/kh/okh8609/gin_blog/main.go: 27 main.init.0"],"level":"info","message":"Khaos: okh8609/gin_blog","time":1619249006218385954}
2021/04/24 15:23:31 {"caller":["/home/kh/okh8609/gin_blog/main.go: 27 main.init.0"],"level":"info","message":"Khaos: okh8609/gin_blog","time":1619249011820409260}
2021/04/24 15:24:30 {"caller":["/home/kh/okh8609/gin_blog/main.go: 27 main.init.0"],"level":"info","message":"Khaos: okh8609/gin_blog","time":1619249070538994716}
2021/04/24 15:25:08 {"caller":["/home/kh/okh8609/gin_blog/main.go: 27 main.init.0"],"level":"info","message":"Khaos: okh8609/gin_blog","time":1619249108348998230}
2021/04/24 15:27:44 {"caller":["/home/kh/okh8609/gin_blog/main.go: 27 main.init.0"],"level":"info","message":"Khaos: okh8609/gin_blog","time":1619249264138254900}
2021/04/24 15:27:46 {"caller":["/home/kh/okh8609/gin_blog/main.go: 27 main.init.0"],"level":"debug","message":"#c.GetHeader(\"locale\")-\u003e ","time":1619249266585990910}
2021/04/24 15:27:46 {"caller":["/home/kh/okh8609/gin_blog/main.go: 27 main.init.0"],"level":"debug","message":"#c.GetHeader(\"locale\")-\u003e ","time":1619249266659419805}
2021/04/24 15:27:46 {"caller":["/home/kh/okh8609/gin_blog/main.go: 27 main.init.0"],"level":"debug","message":"#c.GetHeader(\"locale\")-\u003e ","time":1619249266660314115}
2021/04/24 15:27:46 {"caller":["/home/kh/okh8609/gin_blog/main.go: 27 main.init.0"],"level":"debug","message":"#c.GetHeader(\"locale\")-\u003e ","time":1619249266660428516}
2021/04/24 15:27:47 {"caller":["/home/kh/okh8609/gin_blog/main.go: 27 main.init.0"],"level":"debug","message":"#c.GetHeader(\"locale\")-\u003e ","time":1619249267022317735}
2021/04/24 15:27:47 {"caller":["/home/kh/okh8609/gin_blog/main.go: 27 main.init.0"],"level":"debug","message":"#c.GetHeader(\"locale\")-\u003e ","time":1619249267089547264}
2021/04/24 15:29:51 {"caller":["/home/kh/okh8609/gin_blog/main.go: 27 main.init.0"],"level":"info","message":"Khaos: okh8609/gin_blog","time":1619249391634360494}
2021/04/24 15:29:57 {"caller":["/home/kh/okh8609/gin_blog/main.go: 27 main.init.0"],"level":"debug","message":"#c.GetHeader(\"locale\"): ","time":1619249397531264884}
2021/04/24 15:29:57 {"caller":["/home/kh/okh8609/gin_blog/main.go: 27 main.init.0"],"level":"debug","message":"#c.GetHeader(\"locale\"): ","time":1619249397605483688}
2021/04/24 15:29:57 {"caller":["/home/kh/okh8609/gin_blog/main.go: 27 main.init.0"],"level":"debug","message":"#c.GetHeader(\"locale\"): ","time":1619249397606488999}
2021/04/24 15:29:57 {"caller":["/home/kh/okh8609/gin_blog/main.go: 27 main.init.0"],"level":"debug","message":"#c.GetHeader(\"locale\"): ","time":1619249397613984080}
2021/04/24 15:29:58 {"caller":["/home/kh/okh8609/gin_blog/main.go: 27 main.init.0"],"level":"debug","message":"#c.GetHeader(\"locale\"): ","time":1619249398057721088}
2021/04/24 15:29:58 {"caller":["/home/kh/okh8609/gin_blog/main.go: 27 main.init.0"],"level":"debug","message":"#c.GetHeader(\"locale\"): ","time":1619249398071480737}
2021/04/24 15:30:51 {"caller":["/home/kh/okh8609/gin_blog/main.go: 27 main.init.0"],"level":"debug","message":"#c.GetHeader(\"locale\"): ","time":1619249451095528466}
2021/04/24 15:31:14 {"caller":["/home/kh/okh8609/gin_blog/main.go: 27 main.init.0"],"level":"info","message":"Khaos: okh8609/gin_blog","time":1619249474739203474}
2021/04/24 15:31:19 {"caller":["/home/kh/okh8609/gin_blog/main.go: 27 main.init.0"],"level":"debug","message":"#c.GetHeader(\"locale\"): ","time":1619249479136301823}
2021/04/24 15:31:20 {"caller":["/home/kh/okh8609/gin_blog/main.go: 27 main.init.0"],"level":"debug","message":"#c.GetHeader(\"locale\"): ","time":1619249480395662371}
2021/04/24 15:31:27 {"caller":["/home/kh/okh8609/gin_blog/main.go: 27 main.init.0"],"level":"debug","message":"#c.GetHeader(\"locale\"): ","time":1619249487496952025}
2021/04/24 15:32:48 {"caller":["/home/kh/okh8609/gin_blog/main.go: 27 main.init.0"],"level":"debug","message":"#c.GetHeader(\"locale\"): ","time":1619249568055105389}
2021/04/24 15:33:46 {"caller":["/home/kh/okh8609/gin_blog/main.go: 27 main.init.0"],"level":"debug","message":"#c.GetHeader(\"locale\"): ","time":1619249626112555279}
2021/04/24 15:36:23 {"caller":["/home/kh/okh8609/gin_blog/main.go: 27 main.init.0"],"level":"info","message":"Khaos: okh8609/gin_blog","time":1619249783599675658}
2021/04/24 15:36:31 {"caller":["/home/kh/okh8609/gin_blog/main.go: 27 main.init.0"],"level":"debug","message":"#c.GetHeader(\"locale\"): ","time":1619249791509364061}
2021/04/24 15:36:50 {"caller":["/home/kh/okh8609/gin_blog/main.go: 27 main.init.0"],"level":"debug","message":"#c.GetHeader(\"locale\"): ","time":1619249810145001393}
2021/04/24 15:36:50 {"caller":["/home/kh/okh8609/gin_blog/main.go: 27 main.init.0"],"level":"error","message":"validation.BindAndValid err: State必须是[0 1]中的一个","time":1619249810145585400}
2021/04/24 15:37:44 {"caller":["/home/kh/okh8609/gin_blog/main.go: 27 main.init.0"],"level":"debug","message":"#c.GetHeader(\"locale\"): ","time":1619249864767142398}
2021/04/24 15:37:44 {"caller":["/home/kh/okh8609/gin_blog/main.go: 27 main.init.0"],"level":"error","message":"validation.BindAndValid err: State必须是[0 1]中的一个","time":1619249864767592603}
2021/04/24 15:37:45 {"caller":["/home/kh/okh8609/gin_blog/main.go: 27 main.init.0"],"level":"debug","message":"#c.GetHeader(\"locale\"): ","time":1619249865949956052}
2021/04/24 15:37:45 {"caller":["/home/kh/okh8609/gin_blog/main.go: 27 main.init.0"],"level":"error","message":"validation.BindAndValid err: State必须是[0 1]中的一个","time":1619249865951204766}
2021/04/24 15:37:46 {"caller":["/home/kh/okh8609/gin_blog/main.go: 27 main.init.0"],"level":"debug","message":"#c.GetHeader(\"locale\"): ","time":1619249866756774096}
2021/04/24 15:37:46 {"caller":["/home/kh/okh8609/gin_blog/main.go: 27 main.init.0"],"level":"error","message":"validation.BindAndValid err: State必须是[0 1]中的一个","time":1619249866757964210}
2021/04/24 15:41:24 {"caller":["/home/kh/okh8609/gin_blog/main.go: 27 main.init.0"],"level":"debug","message":"#c.GetHeader(\"locale\"): ","time":1619250084668481716}
2021/04/24 15:41:24 {"caller":["/home/kh/okh8609/gin_blog/main.go: 27 main.init.0"],"level":"debug","message":"#c.GetHeader(\"locale\"): ","time":1619250084668665818}
2021/04/24 15:41:24 {"caller":["/home/kh/okh8609/gin_blog/main.go: 27 main.init.0"],"level":"debug","message":"#c.GetHeader(\"locale\"): ","time":1619250084668654518}
2021/04/24 15:41:24 {"caller":["/home/kh/okh8609/gin_blog/main.go: 27 main.init.0"],"level":"debug","message":"#c.GetHeader(\"locale\"): ","time":1619250084951431808}
2021/04/24 15:42:30 {"caller":["/home/kh/okh8609/gin_blog/main.go: 27 main.init.0"],"level":"info","message":"Khaos: okh8609/gin_blog","time":1619250150068955742}
2021/04/24 15:42:33 {"caller":["/home/kh/okh8609/gin_blog/main.go: 27 main.init.0"],"level":"debug","message":"#c.GetHeader(\"locale\"): ","time":1619250153197666008}
2021/04/24 15:42:33 {"caller":["/home/kh/okh8609/gin_blog/main.go: 27 main.init.0"],"level":"debug","message":"#c.GetHeader(\"locale\"): ","time":1619250153235569134}
2021/04/24 15:42:33 {"caller":["/home/kh/okh8609/gin_blog/main.go: 27 main.init.0"],"level":"debug","message":"#c.GetHeader(\"locale\"): ","time":1619250153237571456}
2021/04/24 15:42:33 {"caller":["/home/kh/okh8609/gin_blog/main.go: 27 main.init.0"],"level":"debug","message":"#c.GetHeader(\"locale\"): ","time":1619250153238025262}
2021/04/24 15:42:33 {"caller":["/home/kh/okh8609/gin_blog/main.go: 27 main.init.0"],"level":"debug","message":"#c.GetHeader(\"locale\"): ","time":1619250153583125140}
2021/04/24 15:42:33 {"caller":["/home/kh/okh8609/gin_blog/main.go: 27 main.init.0"],"level":"debug","message":"#c.GetHeader(\"locale\"): ","time":1619250153599075619}
2021/04/24 15:42:36 {"caller":["/home/kh/okh8609/gin_blog/main.go: 27 main.init.0"],"level":"debug","message":"#c.GetHeader(\"locale\"): ","time":1619250156355431495}
2021/04/24 15:42:36 {"caller":["/home/kh/okh8609/gin_blog/main.go: 27 main.init.0"],"level":"error","message":"validation.BindAndValid err: State必须是[0 1]中的一个","time":1619250156356182703}
2021/04/24 15:46:29 {"caller":["/home/kh/okh8609/gin_blog/main.go: 27 main.init.0"],"level":"info","message":"Khaos: okh8609/gin_blog","time":1619250389287658197}
2021/04/24 15:46:54 {"caller":["/home/kh/okh8609/gin_blog/main.go: 27 main.init.0"],"level":"debug","message":"#c.GetHeader(\"locale\"): ","time":1619250414627834947}
2021/04/24 15:46:54 {"caller":["/home/kh/okh8609/gin_blog/main.go: 27 main.init.0"],"level":"error","message":"validation.BindAndValid err: State必须是[0 1]中的一个","time":1619250414629344164}
2021/04/24 15:47:17 {"caller":["/home/kh/okh8609/gin_blog/main.go: 27 main.init.0"],"level":"info","message":"Khaos: okh8609/gin_blog","time":1619250437699131661}
2021/04/24 15:47:17 {"caller":["/home/kh/okh8609/gin_blog/main.go: 27 main.init.0"],"level":"debug","message":"#c.GetHeader(\"locale\"): .","time":1619250437841477643}
2021/04/24 15:47:17 {"caller":["/home/kh/okh8609/gin_blog/main.go: 27 main.init.0"],"level":"error","message":"validation.BindAndValid err: State必须是[0 1]中的一个","time":1619250437842542355}
2021/04/24 15:47:25 {"caller":["/home/kh/okh8609/gin_blog/main.go: 27 main.init.0"],"level":"debug","message":"#c.GetHeader(\"locale\"): .","time":1619250445333966909}
2021/04/24 15:47:25 {"caller":["/home/kh/okh8609/gin_blog/main.go: 27 main.init.0"],"level":"error","message":"validation.BindAndValid err: State必须是[0 1]中的一个","time":1619250445335164922}
2021/04/24 15:47:28 {"caller":["/home/kh/okh8609/gin_blog/main.go: 27 main.init.0"],"level":"debug","message":"#c.GetHeader(\"locale\"): .","time":1619250448777188668}
2021/04/24 15:47:28 {"caller":["/home/kh/okh8609/gin_blog/main.go: 27 main.init.0"],"level":"error","message":"validation.BindAndValid err: State必须是[0 1]中的一个","time":1619250448777745075}
2021/04/24 15:48:11 {"caller":["/home/kh/okh8609/gin_blog/main.go: 90 main.setupLogger"],"level":"info","message":"Khaos: okh8609/gin_blog","time":1619250491993460850}
2021/04/24 15:48:15 {"caller":["/home/kh/okh8609/gin_blog/main.go: 90 main.setupLogger"],"level":"debug","message":"#c.GetHeader(\"locale\"): .","time":1619250495163203026}
2021/04/24 15:48:15 {"caller":["/home/kh/okh8609/gin_blog/main.go: 90 main.setupLogger"],"level":"error","message":"validation.BindAndValid err: State必须是[0 1]中的一个","time":1619250495165135247}
2021/04/24 15:48:59 {"caller":["/home/kh/okh8609/gin_blog/pkg/logger/logger.go: 97 github.com/okh8609/gin_blog/pkg/logger.(*MyLogger).WithCaller"],"level":"info","message":"Khaos: okh8609/gin_blog","time":1619250539419656550}
2021/04/24 15:49:00 {"caller":["/home/kh/okh8609/gin_blog/pkg/logger/logger.go: 97 github.com/okh8609/gin_blog/pkg/logger.(*MyLogger).WithCaller"],"level":"debug","message":"#c.GetHeader(\"locale\"): .","time":1619250540052125360}
2021/04/24 15:49:00 {"caller":["/home/kh/okh8609/gin_blog/pkg/logger/logger.go: 97 github.com/okh8609/gin_blog/pkg/logger.(*MyLogger).WithCaller"],"level":"error","message":"validation.BindAndValid err: State必须是[0 1]中的一个","time":1619250540053808879}
2021/04/24 15:49:00 {"caller":["/home/kh/okh8609/gin_blog/pkg/logger/logger.go: 97 github.com/okh8609/gin_blog/pkg/logger.(*MyLogger).WithCaller"],"level":"debug","message":"#c.GetHeader(\"locale\"): .","time":1619250540615672907}
2021/04/24 15:49:00 {"caller":["/home/kh/okh8609/gin_blog/pkg/logger/logger.go: 97 github.com/okh8609/gin_blog/pkg/logger.(*MyLogger).WithCaller"],"level":"error","message":"validation.BindAndValid err: State必须是[0 1]中的一个","time":1619250540616214613}
2021/04/24 15:49:01 {"caller":["/home/kh/okh8609/gin_blog/pkg/logger/logger.go: 97 github.com/okh8609/gin_blog/pkg/logger.(*MyLogger).WithCaller"],"level":"debug","message":"#c.GetHeader(\"locale\"): .","time":1619250541117047364}
2021/04/24 15:49:01 {"caller":["/home/kh/okh8609/gin_blog/pkg/logger/logger.go: 97 github.com/okh8609/gin_blog/pkg/logger.(*MyLogger).WithCaller"],"level":"error","message":"validation.BindAndValid err: State必须是[0 1]中的一个","time":1619250541117635770}
2021/04/24 15:49:07 {"caller":["/usr/local/go/src/runtime/proc.go: 6265 runtime.doInit"],"level":"info","message":"Khaos: okh8609/gin_blog","time":1619250547376319136}
2021/04/24 15:49:07 {"caller":["/usr/local/go/src/runtime/proc.go: 6265 runtime.doInit"],"level":"debug","message":"#c.GetHeader(\"locale\"): .","time":1619250547468010052}
2021/04/24 15:49:07 {"caller":["/usr/local/go/src/runtime/proc.go: 6265 runtime.doInit"],"level":"error","message":"validation.BindAndValid err: State必须是[0 1]中的一个","time":1619250547469050663}
2021/04/24 15:49:10 {"caller":["/usr/local/go/src/runtime/proc.go: 6265 runtime.doInit"],"level":"debug","message":"#c.GetHeader(\"locale\"): .","time":1619250550424837919}
2021/04/24 15:49:10 {"caller":["/usr/local/go/src/runtime/proc.go: 6265 runtime.doInit"],"level":"error","message":"validation.BindAndValid err: State必须是[0 1]中的一个","time":1619250550425425925}
2021/04/24 15:49:10 {"caller":["/usr/local/go/src/runtime/proc.go: 6265 runtime.doInit"],"level":"debug","message":"#c.GetHeader(\"locale\"): .","time":1619250550957142518}
2021/04/24 15:49:10 {"caller":["/usr/local/go/src/runtime/proc.go: 6265 runtime.doInit"],"level":"error","message":"validation.BindAndValid err: State必须是[0 1]中的一个","time":1619250550957621823}
2021/04/24 15:49:12 {"caller":["/usr/local/go/src/runtime/proc.go: 6265 runtime.doInit"],"level":"debug","message":"#c.GetHeader(\"locale\"): .","time":1619250552217233681}
2021/04/24 15:49:12 {"caller":["/usr/local/go/src/runtime/proc.go: 6265 runtime.doInit"],"level":"error","message":"validation.BindAndValid err: State必须是[0 1]中的一个","time":1619250552217996289}
2021/04/24 15:49:18 {"caller":["/home/kh/okh8609/gin_blog/main.go: 27 main.init.0"],"level":"info","message":"Khaos: okh8609/gin_blog","time":1619250558465750115}
2021/04/24 15:49:19 {"caller":["/home/kh/okh8609/gin_blog/main.go: 27 main.init.0"],"level":"debug","message":"#c.GetHeader(\"locale\"): .","time":1619250559852330578}
2021/04/24 15:49:19 {"caller":["/home/kh/okh8609/gin_blog/main.go: 27 main.init.0"],"level":"error","message":"validation.BindAndValid err: State必须是[0 1]中的一个","time":1619250559853465790}
2021/04/24 16:02:21 {"caller":["/home/kh/okh8609/gin_blog/main.go: 27 main.init.0"],"level":"info","message":"Khaos: okh8609/gin_blog","time":1619251341817125344}
